c:\users\150\onedrive\附件\windowsproject1\windowsproject1\debug\vc141.pdb
c:\users\150\onedrive\附件\windowsproject1\windowsproject1\debug\vc141.idb
c:\users\150\onedrive\附件\windowsproject1\windowsproject1\debug\list.obj
c:\users\150\onedrive\附件\windowsproject1\windowsproject1\debug\consistentdraw.obj
c:\users\150\onedrive\附件\windowsproject1\windowsproject1\debug\windowsproject1.obj
c:\users\150\onedrive\附件\windowsproject1\windowsproject1\debug\units.obj
c:\users\150\onedrive\附件\windowsproject1\windowsproject1\debug\pointgeneration.obj
c:\users\150\onedrive\附件\windowsproject1\windowsproject1\debug\mainwindow.obj
c:\users\150\onedrive\附件\windowsproject1\windowsproject1\debug\windowsproject1.pch
c:\users\150\onedrive\附件\windowsproject1\windowsproject1\debug\stdafx.obj
e:\vs2017pojects\windowsproject1\windowsproject1\debug\windowsproject1.pch
e:\vs2017pojects\windowsproject1\windowsproject1\debug\vc141.pdb
e:\vs2017pojects\windowsproject1\windowsproject1\debug\vc141.idb
e:\vs2017pojects\windowsproject1\windowsproject1\debug\stdafx.obj
e:\vs2017pojects\windowsproject1\windowsproject1\debug\windowsproject1.obj
e:\vs2017pojects\windowsproject1\windowsproject1\debug\units.obj
e:\vs2017pojects\windowsproject1\windowsproject1\debug\pointgeneration.obj
e:\vs2017pojects\windowsproject1\windowsproject1\debug\mainwindow.obj
e:\vs2017pojects\windowsproject1\windowsproject1\debug\list.obj
c:\users\150\onedrive\附件\windowsproject1\debug\windowsproject1.exe
c:\users\150\onedrive\附件\windowsproject1\debug\windowsproject1.ilk
c:\users\150\onedrive\附件\windowsproject1\debug\windowsproject1.pdb
e:\vs2017pojects\windowsproject1\debug\windowsproject1.ilk
e:\vs2017pojects\windowsproject1\debug\windowsproject1.exe
e:\vs2017pojects\windowsproject1\debug\windowsproject1.pdb
c:\users\150\onedrive\附件\windowsproject1\windowsproject1\debug\windowsproject1.res
e:\vs2017pojects\windowsproject1\windowsproject1\debug\windowsproject1.res
e:\vs2017pojects\windowsproject1\windowsproject1\debug\consistentdraw.obj
e:\vs2017pojects\windowsproject1\windowsproject1\debug\windowsproject1.tlog\cl.command.1.tlog
e:\vs2017pojects\windowsproject1\windowsproject1\debug\windowsproject1.tlog\cl.read.1.tlog
e:\vs2017pojects\windowsproject1\windowsproject1\debug\windowsproject1.tlog\cl.write.1.tlog
e:\vs2017pojects\windowsproject1\windowsproject1\debug\windowsproject1.tlog\link.command.1.tlog
e:\vs2017pojects\windowsproject1\windowsproject1\debug\windowsproject1.tlog\link.read.1.tlog
e:\vs2017pojects\windowsproject1\windowsproject1\debug\windowsproject1.tlog\link.write.1.tlog
e:\vs2017pojects\windowsproject1\windowsproject1\debug\windowsproject1.tlog\rc.command.1.tlog
e:\vs2017pojects\windowsproject1\windowsproject1\debug\windowsproject1.tlog\rc.read.1.tlog
e:\vs2017pojects\windowsproject1\windowsproject1\debug\windowsproject1.tlog\rc.write.1.tlog
